# JRE version: OpenJDK Runtime Environment Temurin-17.0.8.1+1 (17.0.8.1+1) (build 17.0.8.1+1)
# Java VM: OpenJDK 64-Bit Server VM Temurin-17.0.8.1+1 (17.0.8.1+1, mixed mode, tiered, compressed oops, compressed class ptrs, parallel gc, windows-amd64)
GC Precious Log:
 CPUs: 4 total, 4 available
 Memory: 3979M
 Large Page Support: Disabled
 NUMA Support: Disabled
 Compressed Oops: Enabled (32-bit)
 Alignments: Space 512K, Generation 512K, Heap 2M
 Heap Min Capacity: 100M
 Heap Initial Capacity: 100M
 Heap Max Capacity: 1G
 Pre-touch: Disabled
 Parallel Workers: 4
Heap:
 PSYoungGen      total 4096K, used 1776K [0x00000000eab00000, 0x00000000eb180000, 0x0000000100000000)
  eden space 2048K, 0% used [0x00000000eab00000,0x00000000eab00000,0x00000000ead00000)
  from space 2048K, 86% used [0x00000000eaf80000,0x00000000eb13c000,0x00000000eb180000)
  to   space 2048K, 0% used [0x00000000ead80000,0x00000000ead80000,0x00000000eaf80000)
 ParOldGen       total 106496K, used 106050K [0x00000000c0000000, 0x00000000c6800000, 0x00000000eab00000)
  object space 106496K, 99% used [0x00000000c0000000,0x00000000c67909b8,0x00000000c6800000)
 Metaspace       used 94313K, committed 95424K, reserved 1179648K
  class space    used 9421K, committed 9920K, reserved 1048576K
GC Heap History (20 events):
Event: 166875.035 GC heap after
{Heap after GC invocations=3898 (full 124):
 PSYoungGen      total 2560K, used 32K [0x00000000eab00000, 0x00000000eb080000, 0x0000000100000000)
  eden space 2048K, 0% used [0x00000000eab00000,0x00000000eab00000,0x00000000ead00000)
  from space 512K, 6% used [0x00000000eaf80000,0x00000000eaf88000,0x00000000eb000000)
  to   space 512K, 0% used [0x00000000eb000000,0x00000000eb000000,0x00000000eb080000)
 ParOldGen       total 105472K, used 101341K [0x00000000c0000000, 0x00000000c6700000, 0x00000000eab00000)
  object space 105472K, 96% used [0x00000000c0000000,0x00000000c62f7538,0x00000000c6700000)
 Metaspace       used 93990K, committed 95104K, reserved 1179648K
  class space    used 9370K, committed 9856K, reserved 1048576K
}
Event: 166875.042 GC heap before
{Heap before GC invocations=3899 (full 124):
 PSYoungGen      total 2560K, used 2080K [0x00000000eab00000, 0x00000000eb080000, 0x0000000100000000)
  eden space 2048K, 100% used [0x00000000eab00000,0x00000000ead00000,0x00000000ead00000)
  from space 512K, 6% used [0x00000000eaf80000,0x00000000eaf88000,0x00000000eb000000)
  to   space 512K, 0% used [0x00000000eb000000,0x00000000eb000000,0x00000000eb080000)
 ParOldGen       total 105472K, used 101341K [0x00000000c0000000, 0x00000000c6700000, 0x00000000eab00000)
  object space 105472K, 96% used [0x00000000c0000000,0x00000000c62f7538,0x00000000c6700000)
 Metaspace       used 93990K, committed 95104K, reserved 1179648K
  class space    used 9370K, committed 9856K, reserved 1048576K
}
Event: 166875.043 GC heap after
{Heap after GC invocations=3899 (full 124):
 PSYoungGen      total 2560K, used 32K [0x00000000eab00000, 0x00000000eb080000, 0x0000000100000000)
  eden space 2048K, 0% used [0x00000000eab00000,0x00000000eab00000,0x00000000ead00000)
  from space 512K, 6% used [0x00000000eb000000,0x00000000eb008000,0x00000000eb080000)
  to   space 512K, 0% used [0x00000000eaf80000,0x00000000eaf80000,0x00000000eb000000)
 ParOldGen       total 105472K, used 101341K [0x00000000c0000000, 0x00000000c6700000, 0x00000000eab00000)
  object space 105472K, 96% used [0x00000000c0000000,0x00000000c62f7538,0x00000000c6700000)
 Metaspace       used 93990K, committed 95104K, reserved 1179648K
  class space    used 9370K, committed 9856K, reserved 1048576K
}
Event: 166875.047 GC heap before
{Heap before GC invocations=3900 (full 124):
 PSYoungGen      total 2560K, used 2080K [0x00000000eab00000, 0x00000000eb080000, 0x0000000100000000)
  eden space 2048K, 100% used [0x00000000eab00000,0x00000000ead00000,0x00000000ead00000)
  from space 512K, 6% used [0x00000000eb000000,0x00000000eb008000,0x00000000eb080000)
  to   space 512K, 0% used [0x00000000eaf80000,0x00000000eaf80000,0x00000000eb000000)
 ParOldGen       total 105472K, used 101341K [0x00000000c0000000, 0x00000000c6700000, 0x00000000eab00000)
  object space 105472K, 96% used [0x00000000c0000000,0x00000000c62f7538,0x00000000c6700000)
 Metaspace       used 93990K, committed 95104K, reserved 1179648K
  class space    used 9370K, committed 9856K, reserved 1048576K
}
Event: 166875.049 GC heap after
{Heap after GC invocations=3900 (full 124):
 PSYoungGen      total 2560K, used 32K [0x00000000eab00000, 0x00000000eb080000, 0x0000000100000000)
  eden space 2048K, 0% used [0x00000000eab00000,0x00000000eab00000,0x00000000ead00000)
  from space 512K, 6% used [0x00000000eaf80000,0x00000000eaf88000,0x00000000eb000000)
  to   space 512K, 0% used [0x00000000eb000000,0x00000000eb000000,0x00000000eb080000)
 ParOldGen       total 105472K, used 101341K [0x00000000c0000000, 0x00000000c6700000, 0x00000000eab00000)
  object space 105472K, 96% used [0x00000000c0000000,0x00000000c62f7538,0x00000000c6700000)
 Metaspace       used 93990K, committed 95104K, reserved 1179648K
  class space    used 9370K, committed 9856K, reserved 1048576K
}
Event: 166875.054 GC heap before
{Heap before GC invocations=3901 (full 124):
 PSYoungGen      total 2560K, used 2080K [0x00000000eab00000, 0x00000000eb080000, 0x0000000100000000)
  eden space 2048K, 100% used [0x00000000eab00000,0x00000000ead00000,0x00000000ead00000)
  from space 512K, 6% used [0x00000000eaf80000,0x00000000eaf88000,0x00000000eb000000)
  to   space 512K, 0% used [0x00000000eb000000,0x00000000eb000000,0x00000000eb080000)
 ParOldGen       total 105472K, used 101341K [0x00000000c0000000, 0x00000000c6700000, 0x00000000eab00000)
  object space 105472K, 96% used [0x00000000c0000000,0x00000000c62f7538,0x00000000c6700000)
 Metaspace       used 93990K, committed 95104K, reserved 1179648K
  class space    used 9370K, committed 9856K, reserved 1048576K
}
Event: 166875.055 GC heap after
{Heap after GC invocations=3901 (full 124):
 PSYoungGen      total 2560K, used 32K [0x00000000eab00000, 0x00000000eb080000, 0x0000000100000000)
  eden space 2048K, 0% used [0x00000000eab00000,0x00000000eab00000,0x00000000ead00000)
  from space 512K, 6% used [0x00000000eb000000,0x00000000eb008000,0x00000000eb080000)
  to   space 512K, 0% used [0x00000000eaf80000,0x00000000eaf80000,0x00000000eb000000)
 ParOldGen       total 105472K, used 101341K [0x00000000c0000000, 0x00000000c6700000, 0x00000000eab00000)
  object space 105472K, 96% used [0x00000000c0000000,0x00000000c62f7538,0x00000000c6700000)
 Metaspace       used 93990K, committed 95104K, reserved 1179648K
  class space    used 9370K, committed 9856K, reserved 1048576K
}
Event: 167012.631 GC heap before
{Heap before GC invocations=3902 (full 124):
 PSYoungGen      total 2560K, used 2075K [0x00000000eab00000, 0x00000000eb080000, 0x0000000100000000)
  eden space 2048K, 99% used [0x00000000eab00000,0x00000000eacfeda8,0x00000000ead00000)
  from space 512K, 6% used [0x00000000eb000000,0x00000000eb008000,0x00000000eb080000)
  to   space 512K, 0% used [0x00000000eaf80000,0x00000000eaf80000,0x00000000eb000000)
 ParOldGen       total 105472K, used 101341K [0x00000000c0000000, 0x00000000c6700000, 0x00000000eab00000)
  object space 105472K, 96% used [0x00000000c0000000,0x00000000c62f7538,0x00000000c6700000)
 Metaspace       used 94051K, committed 95104K, reserved 1179648K
  class space    used 9382K, committed 9856K, reserved 1048576K
}
Event: 167012.635 GC heap after
{Heap after GC invocations=3902 (full 124):
 PSYoungGen      total 2560K, used 192K [0x00000000eab00000, 0x00000000eb080000, 0x0000000100000000)
  eden space 2048K, 0% used [0x00000000eab00000,0x00000000eab00000,0x00000000ead00000)
  from space 512K, 37% used [0x00000000eaf80000,0x00000000eafb0000,0x00000000eb000000)
  to   space 512K, 0% used [0x00000000eb000000,0x00000000eb000000,0x00000000eb080000)
 ParOldGen       total 105472K, used 101341K [0x00000000c0000000, 0x00000000c6700000, 0x00000000eab00000)
  object space 105472K, 96% used [0x00000000c0000000,0x00000000c62f7538,0x00000000c6700000)
 Metaspace       used 94051K, committed 95104K, reserved 1179648K
  class space    used 9382K, committed 9856K, reserved 1048576K
}
Event: 167016.166 GC heap before
{Heap before GC invocations=3903 (full 124):
 PSYoungGen      total 2560K, used 2230K [0x00000000eab00000, 0x00000000eb080000, 0x0000000100000000)
  eden space 2048K, 99% used [0x00000000eab00000,0x00000000eacfdae8,0x00000000ead00000)
  from space 512K, 37% used [0x00000000eaf80000,0x00000000eafb0000,0x00000000eb000000)
  to   space 512K, 0% used [0x00000000eb000000,0x00000000eb000000,0x00000000eb080000)
 ParOldGen       total 105472K, used 101341K [0x00000000c0000000, 0x00000000c6700000, 0x00000000eab00000)
  object space 105472K, 96% used [0x00000000c0000000,0x00000000c62f7538,0x00000000c6700000)
 Metaspace       used 94152K, committed 95296K, reserved 1179648K
  class space    used 9402K, committed 9920K, reserved 1048576K
}
Event: 167016.170 GC heap after
{Heap after GC invocations=3903 (full 124):
 PSYoungGen      total 2560K, used 416K [0x00000000eab00000, 0x00000000eb080000, 0x0000000100000000)
  eden space 2048K, 0% used [0x00000000eab00000,0x00000000eab00000,0x00000000ead00000)
  from space 512K, 81% used [0x00000000eb000000,0x00000000eb068000,0x00000000eb080000)
  to   space 512K, 0% used [0x00000000eaf80000,0x00000000eaf80000,0x00000000eb000000)
 ParOldGen       total 105472K, used 101445K [0x00000000c0000000, 0x00000000c6700000, 0x00000000eab00000)
  object space 105472K, 96% used [0x00000000c0000000,0x00000000c6311538,0x00000000c6700000)
 Metaspace       used 94152K, committed 95296K, reserved 1179648K
  class space    used 9402K, committed 9920K, reserved 1048576K
}
Event: 167018.980 GC heap before
{Heap before GC invocations=3904 (full 124):
 PSYoungGen      total 2560K, used 2405K [0x00000000eab00000, 0x00000000eb080000, 0x0000000100000000)
  eden space 2048K, 97% used [0x00000000eab00000,0x00000000eacf1428,0x00000000ead00000)
  from space 512K, 81% used [0x00000000eb000000,0x00000000eb068000,0x00000000eb080000)
  to   space 512K, 0% used [0x00000000eaf80000,0x00000000eaf80000,0x00000000eb000000)
 ParOldGen       total 105472K, used 101445K [0x00000000c0000000, 0x00000000c6700000, 0x00000000eab00000)
  object space 105472K, 96% used [0x00000000c0000000,0x00000000c6311538,0x00000000c6700000)
 Metaspace       used 94313K, committed 95424K, reserved 1179648K
  class space    used 9421K, committed 9920K, reserved 1048576K
}
Event: 167018.982 GC heap after
{Heap after GC invocations=3904 (full 124):
 PSYoungGen      total 2560K, used 192K [0x00000000eab00000, 0x00000000eb080000, 0x0000000100000000)
  eden space 2048K, 0% used [0x00000000eab00000,0x00000000eab00000,0x00000000ead00000)
  from space 512K, 37% used [0x00000000eaf80000,0x00000000eafb0000,0x00000000eb000000)
  to   space 512K, 0% used [0x00000000eb000000,0x00000000eb000000,0x00000000eb080000)
 ParOldGen       total 105472K, used 101794K [0x00000000c0000000, 0x00000000c6700000, 0x00000000eab00000)
  object space 105472K, 96% used [0x00000000c0000000,0x00000000c6368820,0x00000000c6700000)
 Metaspace       used 94313K, committed 95424K, reserved 1179648K
  class space    used 9421K, committed 9920K, reserved 1048576K
}
Event: 167019.454 GC heap before
{Heap before GC invocations=3905 (full 124):
 PSYoungGen      total 2560K, used 2240K [0x00000000eab00000, 0x00000000eb080000, 0x0000000100000000)
  eden space 2048K, 100% used [0x00000000eab00000,0x00000000ead00000,0x00000000ead00000)
  from space 512K, 37% used [0x00000000eaf80000,0x00000000eafb0000,0x00000000eb000000)
  to   space 512K, 0% used [0x00000000eb000000,0x00000000eb000000,0x00000000eb080000)
 ParOldGen       total 105472K, used 101794K [0x00000000c0000000, 0x00000000c6700000, 0x00000000eab00000)
  object space 105472K, 96% used [0x00000000c0000000,0x00000000c6368820,0x00000000c6700000)
 Metaspace       used 94313K, committed 95424K, reserved 1179648K
  class space    used 9421K, committed 9920K, reserved 1048576K
}
Event: 167019.459 GC heap after
{Heap after GC invocations=3905 (full 124):
 PSYoungGen      total 2560K, used 488K [0x00000000eab00000, 0x00000000eb200000, 0x0000000100000000)
  eden space 2048K, 0% used [0x00000000eab00000,0x00000000eab00000,0x00000000ead00000)
  from space 512K, 95% used [0x00000000eb000000,0x00000000eb07a088,0x00000000eb080000)
  to   space 2560K, 0% used [0x00000000ead00000,0x00000000ead00000,0x00000000eaf80000)
 ParOldGen       total 105472K, used 103314K [0x00000000c0000000, 0x00000000c6700000, 0x00000000eab00000)
  object space 105472K, 97% used [0x00000000c0000000,0x00000000c64e48a8,0x00000000c6700000)
 Metaspace       used 94313K, committed 95424K, reserved 1179648K
  class space    used 9421K, committed 9920K, reserved 1048576K
}
Event: 167021.017 GC heap before
{Heap before GC invocations=3906 (full 124):
 PSYoungGen      total 2560K, used 2536K [0x00000000eab00000, 0x00000000eb200000, 0x0000000100000000)
  eden space 2048K, 100% used [0x00000000eab00000,0x00000000ead00000,0x00000000ead00000)
  from space 512K, 95% used [0x00000000eb000000,0x00000000eb07a088,0x00000000eb080000)
  to   space 2560K, 0% used [0x00000000ead00000,0x00000000ead00000,0x00000000eaf80000)
 ParOldGen       total 105472K, used 103314K [0x00000000c0000000, 0x00000000c6700000, 0x00000000eab00000)
  object space 105472K, 97% used [0x00000000c0000000,0x00000000c64e48a8,0x00000000c6700000)
 Metaspace       used 94313K, committed 95424K, reserved 1179648K
  class space    used 9421K, committed 9920K, reserved 1048576K
}
Event: 167021.025 GC heap after
{Heap after GC invocations=3906 (full 124):
 PSYoungGen      total 4608K, used 2016K [0x00000000eab00000, 0x00000000eb200000, 0x0000000100000000)
  eden space 2048K, 0% used [0x00000000eab00000,0x00000000eab00000,0x00000000ead00000)
  from space 2560K, 78% used [0x00000000ead00000,0x00000000eaef8000,0x00000000eaf80000)
  to   space 2560K, 0% used [0x00000000eaf80000,0x00000000eaf80000,0x00000000eb200000)
 ParOldGen       total 105472K, used 104050K [0x00000000c0000000, 0x00000000c6700000, 0x00000000eab00000)
  object space 105472K, 98% used [0x00000000c0000000,0x00000000c659c9b8,0x00000000c6700000)
 Metaspace       used 94313K, committed 95424K, reserved 1179648K
  class space    used 9421K, committed 9920K, reserved 1048576K
}
Event: 167021.520 GC heap before
{Heap before GC invocations=3907 (full 124):
 PSYoungGen      total 4608K, used 3913K [0x00000000eab00000, 0x00000000eb200000, 0x0000000100000000)
  eden space 2048K, 92% used [0x00000000eab00000,0x00000000eacda7c8,0x00000000ead00000)
  from space 2560K, 78% used [0x00000000ead00000,0x00000000eaef8000,0x00000000eaf80000)
  to   space 2560K, 0% used [0x00000000eaf80000,0x00000000eaf80000,0x00000000eb200000)
 ParOldGen       total 105472K, used 104050K [0x00000000c0000000, 0x00000000c6700000, 0x00000000eab00000)
  object space 105472K, 98% used [0x00000000c0000000,0x00000000c659c9b8,0x00000000c6700000)
 Metaspace       used 94313K, committed 95424K, reserved 1179648K
  class space    used 9421K, committed 9920K, reserved 1048576K
}
Event: 167021.524 GC heap after
{Heap after GC invocations=3907 (full 124):
 PSYoungGen      total 4096K, used 1776K [0x00000000eab00000, 0x00000000eb180000, 0x0000000100000000)
  eden space 2048K, 0% used [0x00000000eab00000,0x00000000eab00000,0x00000000ead00000)
  from space 2048K, 86% used [0x00000000eaf80000,0x00000000eb13c000,0x00000000eb180000)
  to   space 2048K, 0% used [0x00000000ead80000,0x00000000ead80000,0x00000000eaf80000)
 ParOldGen       total 106496K, used 106050K [0x00000000c0000000, 0x00000000c6800000, 0x00000000eab00000)
  object space 106496K, 99% used [0x00000000c0000000,0x00000000c67909b8,0x00000000c6800000)
 Metaspace       used 94313K, committed 95424K, reserved 1179648K
  class space    used 9421K, committed 9920K, reserved 1048576K
}
Event: 167021.524 GC heap before
{Heap before GC invocations=3908 (full 125):
 PSYoungGen      total 4096K, used 1776K [0x00000000eab00000, 0x00000000eb180000, 0x0000000100000000)
  eden space 2048K, 0% used [0x00000000eab00000,0x00000000eab00000,0x00000000ead00000)
  from space 2048K, 86% used [0x00000000eaf80000,0x00000000eb13c000,0x00000000eb180000)
  to   space 2048K, 0% used [0x00000000ead80000,0x00000000ead80000,0x00000000eaf80000)
 ParOldGen       total 106496K, used 106050K [0x00000000c0000000, 0x00000000c6800000, 0x00000000eab00000)
  object space 106496K, 99% used [0x00000000c0000000,0x00000000c67909b8,0x00000000c6800000)
 Metaspace       used 94313K, committed 95424K, reserved 1179648K
  class space    used 9421K, committed 9920K, reserved 1048576K
}

